2016.11.14 23:11 B C:\Users\Jon\Desktop\portfolio\contact.html <-- Ipswitch /www/portfolio contact.html
2016.11.14 23:11 B C:\Users\Jon\Desktop\portfolio\d3.min.js <-- Ipswitch /www/portfolio d3.min.js
2016.11.14 23:12 B C:\Users\Jon\Desktop\portfolio\datafile4.txt <-- Ipswitch /www/portfolio datafile4.txt
2016.11.14 23:12 B C:\Users\Jon\Desktop\portfolio\datamaps.world.min.js <-- Ipswitch /www/portfolio datamaps.world.min.js
2016.11.14 23:12 B C:\Users\Jon\Desktop\portfolio\earthquakes.html <-- Ipswitch /www/portfolio earthquakes.html
2016.11.14 23:12 B C:\Users\Jon\Desktop\portfolio\google1de52f848721491b.html <-- Ipswitch /www/portfolio google1de52f848721491b.html
2016.11.14 23:12 B C:\Users\Jon\Desktop\portfolio\heatmap.js <-- Ipswitch /www/portfolio heatmap.js
2016.11.14 23:12 B C:\Users\Jon\Desktop\portfolio\hurricanes.html <-- Ipswitch /www/portfolio hurricanes.html
2016.11.14 23:12 B C:\Users\Jon\Desktop\portfolio\hurricanestest.html <-- Ipswitch /www/portfolio hurricanestest.html
2016.11.14 23:12 B C:\Users\Jon\Desktop\portfolio\index.html <-- Ipswitch /www/portfolio index.html
2016.11.14 23:12 B C:\Users\Jon\Desktop\portfolio\moon.html <-- Ipswitch /www/portfolio moon.html
2016.11.14 23:12 B C:\Users\Jon\Desktop\portfolio\projects.html <-- Ipswitch /www/portfolio projects.html
2016.11.14 23:12 B C:\Users\Jon\Desktop\portfolio\QuakeData.tsv <-- Ipswitch /www/portfolio QuakeData.tsv
2016.11.14 23:12 B C:\Users\Jon\Desktop\portfolio\Resume.pdf <-- Ipswitch /www/portfolio Resume.pdf
2016.11.14 23:12 B C:\Users\Jon\Desktop\portfolio\sitemap.xml <-- Ipswitch /www/portfolio sitemap.xml
2016.11.14 23:12 B C:\Users\Jon\Desktop\portfolio\topojson.min.js <-- Ipswitch /www/portfolio topojson.min.js
2016.11.14 23:12 B C:\Users\Jon\Desktop\portfolio\web.css <-- Ipswitch /www/portfolio web.css
2016.11.14 23:33 B C:\Users\Jon\Desktop\portfolio\Resume.pdf --> www.ctcii.com /www/www Resume.pdf
2016.11.14 23:33 B C:\Users\Jon\Desktop\portfolio\Resume.pdf --> www.ctcii.com /www/portfolio Resume.pdf
2016.11.14 23:36 B C:\Users\Jon\Desktop\portfolio\index.html --> www.ctcii.com /www/portfolio index.html
2016.11.14 23:38 B C:\Users\Jon\Desktop\portfolio\contact.html --> www.ctcii.com /www/portfolio contact.html
2016.11.14 23:39 B C:\Users\Jon\Desktop\portfolio\projects.html --> www.ctcii.com /www/portfolio projects.html
2016.11.14 23:40 B C:\Users\Jon\Desktop\portfolio\projects.html --> www.ctcii.com /www/portfolio projects.html
2016.11.15 21:05 B C:\Users\Jon\Desktop\portfolio\hurricanes.html --> www.ctcii.com /www/portfolio hurricanes.html
2016.11.15 21:17 B C:\Users\Jon\Desktop\portfolio\hurricanes.html --> www.ctcii.com /www/www hurricanes.html
2016.11.15 21:17 B C:\Users\Jon\Desktop\portfolio\hurricanes.html --> www.ctcii.com /www/portfolio hurricanes.html
2016.11.15 21:17 B C:\Users\Jon\Desktop\portfolio\hurricanes.html --> www.ctcii.com /www/portfolio hurricanes.html
2016.11.16 16:11 B C:\Users\Jon\Desktop\portfolio\hurricanes.html --> www.ctcii.com /www/portfolio hurricanes.html
2016.11.16 16:17 B C:\Users\Jon\Desktop\portfolio\hurricanes.html --> www.ctcii.com /www/portfolio hurricanes.html
2016.11.16 16:18 B C:\Users\Jon\Desktop\portfolio\hurricanes.html --> www.ctcii.com /www/portfolio hurricanes.html
2016.11.16 16:18 B C:\Users\Jon\Desktop\portfolio\hurricanestest.html --> www.ctcii.com /www/portfolio hurricanestest.html
2016.11.16 16:21 B C:\Users\Jon\Desktop\portfolio\hurricanestest.html --> www.ctcii.com /www/portfolio hurricanestest.html
2016.11.16 16:22 B C:\Users\Jon\Desktop\portfolio\hurricanestest.html --> www.ctcii.com /www/portfolio hurricanestest.html
2016.11.16 16:24 B C:\Users\Jon\Desktop\portfolio\hurricanestest.html --> www.ctcii.com /www/portfolio hurricanestest.html
2016.11.16 17:18 B C:\Users\Jon\Desktop\portfolio\hurricanestest.html --> www.ctcii.com /www/portfolio hurricanestest.html
2016.11.16 17:19 B C:\Users\Jon\Desktop\portfolio\hurricanestest.html --> www.ctcii.com /www/portfolio hurricanestest.html
2016.11.16 17:20 B C:\Users\Jon\Desktop\portfolio\hurricanestest.html --> www.ctcii.com /www/portfolio hurricanestest.html
2016.11.16 17:20 B C:\Users\Jon\Desktop\portfolio\hurricanestest.html --> www.ctcii.com /www/portfolio hurricanestest.html
2016.11.16 17:21 B C:\Users\Jon\Desktop\portfolio\hurricanestest.html --> www.ctcii.com /www/portfolio hurricanestest.html
2016.11.16 17:21 B C:\Users\Jon\Desktop\portfolio\hurricanestest.html --> www.ctcii.com /www/portfolio hurricanestest.html
2016.11.16 17:21 B C:\Users\Jon\Desktop\portfolio\hurricanestest.html --> www.ctcii.com /www/portfolio hurricanestest.html
2016.11.16 17:22 B C:\Users\Jon\Desktop\portfolio\hurricanestest.html --> www.ctcii.com /www/portfolio hurricanestest.html
2016.11.16 17:22 B C:\Users\Jon\Desktop\portfolio\hurricanestest.html --> www.ctcii.com /www/portfolio hurricanestest.html
2016.11.16 17:39 B C:\Users\Jon\Desktop\portfolio\earthquakes.html --> www.ctcii.com /www/portfolio earthquakes.html
2016.11.16 17:40 B C:\Users\Jon\Desktop\portfolio\earthquakes.html --> www.ctcii.com /www/portfolio earthquakes.html
2016.11.16 17:40 B C:\Users\Jon\Desktop\portfolio\earthquakes.html --> www.ctcii.com /www/portfolio earthquakes.html
2016.11.16 17:41 B C:\Users\Jon\Desktop\portfolio\earthquakes.html --> www.ctcii.com /www/portfolio earthquakes.html
2016.11.16 17:41 B C:\Users\Jon\Desktop\portfolio\earthquakes.html --> www.ctcii.com /www/portfolio earthquakes.html
2016.11.16 18:10 B C:\Users\Jon\Desktop\portfolio\earthquakes.html --> www.ctcii.com /www/portfolio earthquakes.html
2016.11.16 18:11 B C:\Users\Jon\Desktop\portfolio\earthquakes.html --> www.ctcii.com /www/portfolio earthquakes.html
2016.11.16 18:15 B C:\Users\Jon\Desktop\portfolio\earthquakes.html --> www.ctcii.com /www/portfolio earthquakes.html
2016.11.16 18:22 B C:\Users\Jon\Desktop\portfolio\earthquakes.html --> www.ctcii.com /www/portfolio earthquakes.html
2016.11.16 18:26 B C:\Users\Jon\Desktop\portfolio\earthquakes.html --> www.ctcii.com /www/portfolio earthquakes.html
2016.11.16 18:27 B C:\Users\Jon\Desktop\portfolio\earthquakes.html --> www.ctcii.com /www/portfolio earthquakes.html
2016.11.17 21:45 B C:\Users\Jon\Desktop\portfolio\earthquakestest.html --> www.ctcii.com /www/portfolio earthquakestest.html
2016.11.17 21:45 B C:\Users\Jon\Desktop\portfolio\earthquakes.html --> www.ctcii.com /www/portfolio earthquakes.html
2016.11.17 21:46 B C:\Users\Jon\Desktop\portfolio\earthquakestest.html --> www.ctcii.com /www/portfolio earthquakestest.html
2016.11.17 21:48 B C:\Users\Jon\Desktop\portfolio\earthquakestest.html --> www.ctcii.com /www/portfolio earthquakestest.html
2016.11.17 21:49 B C:\Users\Jon\Desktop\portfolio\earthquakestest.html --> www.ctcii.com /www/portfolio earthquakestest.html
2016.11.17 21:49 B C:\Users\Jon\Desktop\portfolio\earthquakestest.html --> www.ctcii.com /www/portfolio earthquakestest.html
2016.11.17 21:50 B C:\Users\Jon\Desktop\portfolio\earthquakestest.html --> www.ctcii.com /www/portfolio earthquakestest.html
2016.11.17 21:52 B C:\Users\Jon\Desktop\portfolio\earthquakestest.html --> www.ctcii.com /www/portfolio earthquakestest.html
2016.11.17 21:52 B C:\Users\Jon\Desktop\portfolio\earthquakestest.html --> www.ctcii.com /www/portfolio earthquakestest.html
2016.11.17 21:53 B C:\Users\Jon\Desktop\portfolio\earthquakestest.html --> www.ctcii.com /www/portfolio earthquakestest.html
2016.11.17 21:54 B C:\Users\Jon\Desktop\portfolio\earthquakestest.html --> www.ctcii.com /www/portfolio earthquakestest.html
2016.11.17 21:55 B C:\Users\Jon\Desktop\portfolio\earthquakestest.html --> www.ctcii.com /www/portfolio earthquakestest.html
2016.11.17 21:57 B C:\Users\Jon\Desktop\portfolio\hurricanes.html --> www.ctcii.com /www/portfolio hurricanes.html
2016.11.17 21:58 B C:\Users\Jon\Desktop\portfolio\hurricanes.html --> www.ctcii.com /www/portfolio hurricanes.html
2016.11.17 21:59 B C:\Users\Jon\Desktop\portfolio\hurricanes.html --> www.ctcii.com /www/portfolio hurricanes.html
2016.11.17 22:02 B C:\Users\Jon\Desktop\portfolio\earthquakestest.html --> www.ctcii.com /www/portfolio earthquakestest.html
2016.11.17 22:03 B C:\Users\Jon\Desktop\portfolio\hurricanes.html --> www.ctcii.com /www/portfolio hurricanes.html
2016.11.20 09:09 B C:\Users\Jon\Desktop\portfolio\earthquakestest.html --> www.ctcii.com /www/portfolio earthquakestest.html
2016.11.20 09:12 B C:\Users\Jon\Desktop\portfolio\earthquakestest.html --> www.ctcii.com /www/portfolio earthquakestest.html
2016.11.20 09:53 B C:\Users\Jon\Desktop\portfolio\earthquakestest.html --> www.ctcii.com /www/portfolio earthquakestest.html
2016.11.20 09:53 B C:\Users\Jon\Desktop\portfolio\earthquakestest.html --> www.ctcii.com /www/portfolio earthquakestest.html
2016.11.20 09:54 B C:\Users\Jon\Desktop\portfolio\earthquakestest.html --> www.ctcii.com /www/portfolio earthquakestest.html
2016.11.20 10:24 B C:\Users\Jon\Desktop\portfolio\earthquakestest.html --> www.ctcii.com /www/portfolio earthquakestest.html
2016.11.20 10:24 B C:\Users\Jon\Desktop\portfolio\earthquakestest.html --> www.ctcii.com /www/portfolio earthquakestest.html
2016.11.20 10:26 B C:\Users\Jon\Desktop\portfolio\earthquakestest.html --> www.ctcii.com /www/portfolio earthquakestest.html
2016.11.20 10:28 B C:\Users\Jon\Desktop\portfolio\earthquakestest.html --> www.ctcii.com /www/portfolio earthquakestest.html
2016.11.20 10:32 B C:\Users\Jon\Desktop\portfolio\earthquakestest.html --> www.ctcii.com /www/portfolio earthquakestest.html
2016.11.20 10:37 B C:\Users\Jon\Desktop\portfolio\earthquakestest.html --> www.ctcii.com /www/portfolio earthquakestest.html
2016.11.20 10:38 B C:\Users\Jon\Desktop\portfolio\earthquakestest.html --> www.ctcii.com /www/portfolio earthquakestest.html
2016.11.20 10:39 B C:\Users\Jon\Desktop\portfolio\earthquakestest.html --> www.ctcii.com /www/portfolio earthquakestest.html
2016.11.20 10:39 B C:\Users\Jon\Desktop\portfolio\earthquakestest.html --> www.ctcii.com /www/portfolio earthquakestest.html
2016.11.20 10:39 B C:\Users\Jon\Desktop\portfolio\earthquakestest.html --> www.ctcii.com /www/portfolio earthquakestest.html
2016.11.20 10:40 B C:\Users\Jon\Desktop\portfolio\earthquakestest.html --> www.ctcii.com /www/portfolio earthquakestest.html
2016.11.20 10:41 B C:\Users\Jon\Desktop\portfolio\earthquakestest.html --> www.ctcii.com /www/portfolio earthquakestest.html
2016.11.20 10:42 B C:\Users\Jon\Desktop\portfolio\earthquakestest.html --> www.ctcii.com /www/portfolio earthquakestest.html
2016.11.20 10:42 B C:\Users\Jon\Desktop\portfolio\earthquakestest.html --> www.ctcii.com /www/portfolio earthquakestest.html
2016.11.20 10:43 B C:\Users\Jon\Desktop\portfolio\earthquakestest.html --> www.ctcii.com /www/portfolio earthquakestest.html
2016.11.20 10:43 B C:\Users\Jon\Desktop\portfolio\earthquakestest.html --> www.ctcii.com /www/portfolio earthquakestest.html
2016.11.20 10:43 B C:\Users\Jon\Desktop\portfolio\earthquakestest.html --> www.ctcii.com /www/portfolio earthquakestest.html
2016.11.20 10:44 B C:\Users\Jon\Desktop\portfolio\earthquakestest.html --> www.ctcii.com /www/portfolio earthquakestest.html
2016.11.20 10:44 B C:\Users\Jon\Desktop\portfolio\earthquakestest.html --> www.ctcii.com /www/portfolio earthquakestest.html
2016.11.20 10:44 B C:\Users\Jon\Desktop\portfolio\earthquakestest.html --> www.ctcii.com /www/portfolio earthquakestest.html
2016.11.20 10:45 B C:\Users\Jon\Desktop\portfolio\earthquakestest.html --> www.ctcii.com /www/portfolio earthquakestest.html
2016.11.20 10:45 B C:\Users\Jon\Desktop\portfolio\earthquakestest.html --> www.ctcii.com /www/portfolio earthquakestest.html
2016.11.20 10:45 B C:\Users\Jon\Desktop\portfolio\earthquakestest.html --> www.ctcii.com /www/portfolio earthquakestest.html
2016.11.20 10:58 B C:\Users\Jon\Desktop\portfolio\QuakeData.tsv --> www.ctcii.com /www/portfolio QuakeData.tsv
2016.11.20 11:00 B C:\Users\Jon\Desktop\portfolio\QuakeData.tsv --> www.ctcii.com /www/portfolio QuakeData.tsv
2016.11.20 11:00 B C:\Users\Jon\Desktop\portfolio\QuakeData.tsv --> www.ctcii.com /www/portfolio QuakeData.tsv
2016.11.20 11:02 B C:\Users\Jon\Desktop\portfolio\QuakeData.tsv --> www.ctcii.com /www/portfolio QuakeData.tsv
2016.11.20 11:05 B C:\Users\Jon\Desktop\portfolio\QuakeData.tsv --> www.ctcii.com /www/portfolio QuakeData.tsv
2016.11.20 11:05 B C:\Users\Jon\Desktop\portfolio\QuakeData.tsv --> www.ctcii.com /www/portfolio QuakeData.tsv
2016.11.20 11:07 B C:\Users\Jon\Desktop\portfolio\QuakeData.tsv --> www.ctcii.com /www/portfolio QuakeData.tsv
2016.11.20 11:29 B C:\Users\Jon\Desktop\portfolio\QuakeData.tsv --> www.ctcii.com /www/portfolio QuakeData.tsv
2016.11.20 11:30 B C:\Users\Jon\Desktop\portfolio\QuakeData.tsv --> www.ctcii.com /www/portfolio QuakeData.tsv
2016.11.20 11:32 B C:\Users\Jon\Desktop\portfolio\QuakeData.tsv --> www.ctcii.com /www/portfolio QuakeData.tsv
2016.11.20 11:48 B C:\Users\Jon\Desktop\portfolio\QuakeData.tsv --> www.ctcii.com /www/portfolio QuakeData.tsv
2016.11.20 11:48 B C:\Users\Jon\Desktop\portfolio\QuakeData.tsv --> www.ctcii.com /www/portfolio QuakeData.tsv
2016.11.20 11:49 B C:\Users\Jon\Desktop\portfolio\QuakeData.tsv --> www.ctcii.com /www/portfolio QuakeData.tsv
2016.11.20 11:49 B C:\Users\Jon\Desktop\portfolio\QuakeData.tsv --> www.ctcii.com /www/portfolio QuakeData.tsv
2016.11.20 11:50 B C:\Users\Jon\Desktop\portfolio\QuakeData.tsv --> www.ctcii.com /www/portfolio QuakeData.tsv
2016.11.20 11:53 B C:\Users\Jon\Desktop\portfolio\QuakeData.tsv --> www.ctcii.com /www/portfolio QuakeData.tsv
2016.11.20 11:58 B C:\Users\Jon\Desktop\portfolio\earthquakestest.html --> www.ctcii.com /www/portfolio earthquakestest.html
2016.11.20 17:29 B C:\Users\Jon\Desktop\portfolio\earthquakestest.html --> www.ctcii.com /www/portfolio earthquakestest.html
2016.11.20 18:02 B C:\Users\Jon\Desktop\portfolio\earthquakes.html --> www.ctcii.com /www/portfolio earthquakes.html
2016.11.20 18:03 B C:\Users\Jon\Desktop\portfolio\earthquakestest.html --> www.ctcii.com /www/portfolio earthquakestest.html
2016.11.20 18:04 B C:\Users\Jon\Desktop\portfolio\earthquakestest.html --> www.ctcii.com /www/portfolio earthquakestest.html
2016.11.20 18:04 B C:\Users\Jon\Desktop\portfolio\earthquakestest.html --> www.ctcii.com /www/portfolio earthquakestest.html
2016.11.20 18:05 B C:\Users\Jon\Desktop\portfolio\earthquakestest.html --> www.ctcii.com /www/portfolio earthquakestest.html
2016.11.20 18:07 B C:\Users\Jon\Desktop\portfolio\earthquakestest.html --> www.ctcii.com /www/portfolio earthquakestest.html
2016.11.20 18:08 B C:\Users\Jon\Desktop\portfolio\earthquakestest.html --> www.ctcii.com /www/portfolio earthquakestest.html
2016.11.20 18:08 B C:\Users\Jon\Desktop\portfolio\earthquakestest.html --> www.ctcii.com /www/portfolio earthquakestest.html
2016.11.20 18:08 B C:\Users\Jon\Desktop\portfolio\earthquakestest.html --> www.ctcii.com /www/portfolio earthquakestest.html
2016.11.20 18:10 B C:\Users\Jon\Desktop\portfolio\earthquakestest.html --> www.ctcii.com /www/portfolio earthquakestest.html
2016.11.20 18:11 B C:\Users\Jon\Desktop\portfolio\earthquakestest.html --> www.ctcii.com /www/portfolio earthquakestest.html
2016.11.20 18:11 B C:\Users\Jon\Desktop\portfolio\earthquakestest.html --> www.ctcii.com /www/portfolio earthquakestest.html
2016.11.20 18:11 B C:\Users\Jon\Desktop\portfolio\earthquakestest.html --> www.ctcii.com /www/portfolio earthquakestest.html
2016.11.20 18:12 B C:\Users\Jon\Desktop\portfolio\earthquakestest.html --> www.ctcii.com /www/portfolio earthquakestest.html
2016.11.20 18:12 B C:\Users\Jon\Desktop\portfolio\earthquakestest.html --> www.ctcii.com /www/portfolio earthquakestest.html
2016.11.20 18:13 B C:\Users\Jon\Desktop\portfolio\earthquakestest.html --> www.ctcii.com /www/portfolio earthquakestest.html
2016.11.20 18:15 B C:\Users\Jon\Desktop\portfolio\QuakeData.tsv --> www.ctcii.com /www/portfolio QuakeData.tsv
2016.11.20 18:16 B C:\Users\Jon\Desktop\portfolio\QuakeData.tsv --> www.ctcii.com /www/portfolio QuakeData.tsv
2016.11.20 18:17 B C:\Users\Jon\Desktop\portfolio\QuakeData.tsv --> www.ctcii.com /www/portfolio QuakeData.tsv
2016.11.20 18:58 B C:\Users\Jon\Desktop\portfolio\earthquakestest.html --> www.ctcii.com /www/portfolio earthquakestest.html
2016.11.20 19:03 B C:\Users\Jon\Desktop\portfolio\QuakeData.tsv --> www.ctcii.com /www/portfolio QuakeData.tsv
2016.11.20 19:04 B C:\Users\Jon\Desktop\portfolio\earthquakestest.html --> www.ctcii.com /www/portfolio earthquakestest.html
2016.11.20 19:04 B C:\Users\Jon\Desktop\portfolio\earthquakestest.html --> www.ctcii.com /www/portfolio earthquakestest.html
2016.11.20 19:04 B C:\Users\Jon\Desktop\portfolio\earthquakestest.html --> www.ctcii.com /www/portfolio earthquakestest.html
2016.11.20 19:05 B C:\Users\Jon\Desktop\portfolio\QuakeData.tsv --> www.ctcii.com /www/portfolio QuakeData.tsv
2016.11.20 19:05 B C:\Users\Jon\Desktop\portfolio\QuakeData.tsv --> www.ctcii.com /www/portfolio QuakeData.tsv
2016.11.20 19:06 B C:\Users\Jon\Desktop\portfolio\QuakeData.tsv --> www.ctcii.com /www/portfolio QuakeData.tsv
2016.11.20 19:08 B C:\Users\Jon\Desktop\portfolio\QuakeData.tsv --> www.ctcii.com /www/portfolio QuakeData.tsv
2016.11.20 19:08 B C:\Users\Jon\Desktop\portfolio\QuakeData.tsv --> www.ctcii.com /www/portfolio QuakeData.tsv
2016.11.20 19:09 B C:\Users\Jon\Desktop\portfolio\QuakeData.tsv --> www.ctcii.com /www/portfolio QuakeData.tsv
2016.11.20 19:09 B C:\Users\Jon\Desktop\portfolio\QuakeData.tsv --> www.ctcii.com /www/portfolio QuakeData.tsv
2016.11.20 19:10 B C:\Users\Jon\Desktop\portfolio\QuakeData.tsv --> www.ctcii.com /www/portfolio QuakeData.tsv
2016.11.20 19:11 B C:\Users\Jon\Desktop\portfolio\QuakeData.tsv --> www.ctcii.com /www/portfolio QuakeData.tsv
2016.11.20 19:14 B C:\Users\Jon\Desktop\portfolio\QuakeData.tsv --> www.ctcii.com /www/portfolio QuakeData.tsv
2016.11.20 19:17 B C:\Users\Jon\Desktop\portfolio\earthquakestest.html --> www.ctcii.com /www/portfolio earthquakestest.html
2016.11.20 19:18 B C:\Users\Jon\Desktop\portfolio\earthquakestest.html --> www.ctcii.com /www/portfolio earthquakestest.html
2016.11.20 19:18 B C:\Users\Jon\Desktop\portfolio\earthquakestest.html --> www.ctcii.com /www/portfolio earthquakestest.html
2016.11.20 19:19 B C:\Users\Jon\Desktop\portfolio\earthquakestest.html --> www.ctcii.com /www/portfolio earthquakestest.html
2016.11.20 19:19 B C:\Users\Jon\Desktop\portfolio\earthquakestest.html --> www.ctcii.com /www/portfolio earthquakestest.html
2016.11.20 19:20 B C:\Users\Jon\Desktop\portfolio\earthquakestest.html --> www.ctcii.com /www/portfolio earthquakestest.html
2016.11.20 19:20 B C:\Users\Jon\Desktop\portfolio\earthquakestest.html --> www.ctcii.com /www/portfolio earthquakestest.html
2016.11.20 19:20 B C:\Users\Jon\Desktop\portfolio\earthquakestest.html --> www.ctcii.com /www/portfolio earthquakestest.html
2016.11.20 19:21 B C:\Users\Jon\Desktop\portfolio\earthquakestest.html --> www.ctcii.com /www/portfolio earthquakestest.html
2016.11.20 19:21 B C:\Users\Jon\Desktop\portfolio\earthquakestest.html --> www.ctcii.com /www/portfolio earthquakestest.html
2016.11.20 19:21 B C:\Users\Jon\Desktop\portfolio\earthquakestest.html --> www.ctcii.com /www/portfolio earthquakestest.html
2016.11.20 19:21 B C:\Users\Jon\Desktop\portfolio\earthquakestest.html --> www.ctcii.com /www/portfolio earthquakestest.html
2016.11.20 19:22 B C:\Users\Jon\Desktop\portfolio\earthquakestest.html --> www.ctcii.com /www/portfolio earthquakestest.html
2016.11.20 19:22 B C:\Users\Jon\Desktop\portfolio\earthquakestest.html --> www.ctcii.com /www/portfolio earthquakestest.html
2016.11.20 19:22 B C:\Users\Jon\Desktop\portfolio\earthquakestest.html --> www.ctcii.com /www/portfolio earthquakestest.html
2016.11.20 19:23 B C:\Users\Jon\Desktop\portfolio\earthquakestest.html --> www.ctcii.com /www/portfolio earthquakestest.html
2016.11.20 19:23 B C:\Users\Jon\Desktop\portfolio\earthquakestest.html --> www.ctcii.com /www/portfolio earthquakestest.html
2016.11.20 19:24 B C:\Users\Jon\Desktop\portfolio\earthquakestest.html --> www.ctcii.com /www/portfolio earthquakestest.html
2016.11.20 19:24 B C:\Users\Jon\Desktop\portfolio\earthquakestest.html --> www.ctcii.com /www/portfolio earthquakestest.html
2016.11.20 19:25 B C:\Users\Jon\Desktop\portfolio\earthquakestest.html --> www.ctcii.com /www/portfolio earthquakestest.html
2016.11.20 19:25 B C:\Users\Jon\Desktop\portfolio\earthquakestest.html --> www.ctcii.com /www/portfolio earthquakestest.html
2016.11.20 19:27 B C:\Users\Jon\Desktop\portfolio\earthquakestest.html --> www.ctcii.com /www/portfolio earthquakestest.html
2016.11.20 19:27 B C:\Users\Jon\Desktop\portfolio\earthquakestest.html --> www.ctcii.com /www/portfolio earthquakestest.html
2016.11.20 19:28 B C:\Users\Jon\Desktop\portfolio\earthquakestest.html --> www.ctcii.com /www/portfolio earthquakestest.html
2016.11.20 19:28 B C:\Users\Jon\Desktop\portfolio\earthquakestest.html --> www.ctcii.com /www/portfolio earthquakestest.html
2016.11.20 19:29 B C:\Users\Jon\Desktop\portfolio\earthquakestest.html --> www.ctcii.com /www/portfolio earthquakestest.html
2016.11.20 19:29 B C:\Users\Jon\Desktop\portfolio\earthquakestest.html --> www.ctcii.com /www/portfolio earthquakestest.html
2016.11.20 19:30 B C:\Users\Jon\Desktop\portfolio\earthquakestest.html --> www.ctcii.com /www/portfolio earthquakestest.html
2016.11.20 19:30 B C:\Users\Jon\Desktop\portfolio\earthquakestest.html --> www.ctcii.com /www/portfolio earthquakestest.html
2016.11.20 19:31 B C:\Users\Jon\Desktop\portfolio\earthquakes.html --> www.ctcii.com /www/portfolio earthquakes.html
2016.11.20 19:32 B C:\Users\Jon\Desktop\portfolio\earthquakes.html --> www.ctcii.com /www/portfolio earthquakes.html
2016.11.20 19:47 B C:\Users\Jon\Desktop\portfolio\earthquakestest.html --> www.ctcii.com /www/portfolio earthquakestest.html
2016.11.20 19:48 B C:\Users\Jon\Desktop\portfolio\earthquakestest.html --> www.ctcii.com /www/portfolio earthquakestest.html
2016.11.20 19:48 B C:\Users\Jon\Desktop\portfolio\earthquakestest.html --> www.ctcii.com /www/portfolio earthquakestest.html
2016.11.20 19:49 B C:\Users\Jon\Desktop\portfolio\earthquakes.html --> www.ctcii.com /www/portfolio earthquakes.html
2016.11.20 19:56 B C:\Users\Jon\Desktop\portfolio\earthquakes.html --> www.ctcii.com /www/portfolio earthquakes.html
2016.11.20 19:56 B C:\Users\Jon\Desktop\portfolio\earthquakes.html --> www.ctcii.com /www/portfolio earthquakes.html
2016.11.20 20:11 B C:\Users\Jon\Desktop\portfolio\hurricanes.html --> www.ctcii.com /www/portfolio hurricanes.html
2016.11.20 20:12 B C:\Users\Jon\Desktop\portfolio\hurricanes.html --> www.ctcii.com /www/portfolio hurricanes.html
2016.11.20 20:26 B C:\Users\Jon\Desktop\portfolio\contact.html --> www.ctcii.com /www/portfolio contact.html
2016.11.20 20:26 B C:\Users\Jon\Desktop\portfolio\earthquakes.html --> www.ctcii.com /www/portfolio earthquakes.html
2016.11.20 20:26 B C:\Users\Jon\Desktop\portfolio\earthquakestest.html --> www.ctcii.com /www/portfolio earthquakestest.html
2016.11.20 20:26 B C:\Users\Jon\Desktop\portfolio\hurricanes.html --> www.ctcii.com /www/portfolio hurricanes.html
2016.11.20 20:26 B C:\Users\Jon\Desktop\portfolio\hurricanestest.html --> www.ctcii.com /www/portfolio hurricanestest.html
2016.11.20 20:26 B C:\Users\Jon\Desktop\portfolio\index.html --> www.ctcii.com /www/portfolio index.html
2016.11.20 20:26 B C:\Users\Jon\Desktop\portfolio\moon.html --> www.ctcii.com /www/portfolio moon.html
2016.11.20 20:26 B C:\Users\Jon\Desktop\portfolio\projects.html --> www.ctcii.com /www/portfolio projects.html
2016.11.20 20:28 B C:\Users\Jon\Desktop\portfolio\earthquakes.html --> www.ctcii.com /www/portfolio earthquakes.html
2016.11.20 20:28 B C:\Users\Jon\Desktop\portfolio\earthquakestest.html --> www.ctcii.com /www/portfolio earthquakestest.html
2016.11.20 20:28 B C:\Users\Jon\Desktop\portfolio\hurricanes.html --> www.ctcii.com /www/portfolio hurricanes.html
2016.11.20 20:28 B C:\Users\Jon\Desktop\portfolio\hurricanestest.html --> www.ctcii.com /www/portfolio hurricanestest.html
2016.11.20 22:52 B C:\Users\Jon\Desktop\portfolio\projects.html --> www.ctcii.com /www/portfolio projects.html
2016.11.20 22:53 B C:\Users\Jon\Desktop\portfolio\projects.html --> www.ctcii.com /www/portfolio projects.html
2016.11.20 22:53 B C:\Users\Jon\Desktop\portfolio\projects.html --> www.ctcii.com /www/portfolio projects.html
2016.11.20 23:06 B C:\Users\Jon\Desktop\portfolio\projects.html --> www.ctcii.com /www/portfolio projects.html
2016.11.20 23:07 B C:\Users\Jon\Desktop\portfolio\index.html --> www.ctcii.com /www/portfolio index.html
2016.11.20 23:08 B C:\Users\Jon\Desktop\portfolio\contact.html --> www.ctcii.com /www/portfolio contact.html
2016.11.20 23:10 B C:\Users\Jon\Desktop\portfolio\projects.html --> www.ctcii.com /www/portfolio projects.html
2016.11.20 23:11 B C:\Users\Jon\Desktop\portfolio\projects.html --> www.ctcii.com /www/portfolio projects.html
2016.11.20 23:12 B C:\Users\Jon\Desktop\portfolio\projects.html --> www.ctcii.com /www/portfolio projects.html
2016.11.20 23:12 B C:\Users\Jon\Desktop\portfolio\projects.html --> www.ctcii.com /www/portfolio projects.html
2016.11.20 23:13 B C:\Users\Jon\Desktop\portfolio\projects.html --> www.ctcii.com /www/portfolio projects.html
2016.11.20 23:13 B C:\Users\Jon\Desktop\portfolio\projects.html --> www.ctcii.com /www/portfolio projects.html
2016.11.20 23:15 B C:\Users\Jon\Desktop\portfolio\projects.html --> www.ctcii.com /www/portfolio projects.html
2016.11.20 23:18 B C:\Users\Jon\Desktop\portfolio\projects.html --> www.ctcii.com /www/portfolio projects.html
2016.11.20 23:23 B C:\Users\Jon\Desktop\portfolio\projects.html --> www.ctcii.com /www/portfolio projects.html
2016.11.21 18:44 B C:\Users\Jon\Desktop\portfolio\contact.html --> www.ctcii.com /www/portfolio contact.html
2016.11.21 18:44 B C:\Users\Jon\Desktop\portfolio\earthquakes.html --> www.ctcii.com /www/portfolio earthquakes.html
2016.11.21 18:44 B C:\Users\Jon\Desktop\portfolio\earthquakestest.html --> www.ctcii.com /www/portfolio earthquakestest.html
2016.11.21 18:44 B C:\Users\Jon\Desktop\portfolio\hurricanes.html --> www.ctcii.com /www/portfolio hurricanes.html
2016.11.21 18:44 B C:\Users\Jon\Desktop\portfolio\hurricanestest.html --> www.ctcii.com /www/portfolio hurricanestest.html
2016.11.21 18:44 B C:\Users\Jon\Desktop\portfolio\index.html --> www.ctcii.com /www/portfolio index.html
2016.11.21 18:44 B C:\Users\Jon\Desktop\portfolio\moon.html --> www.ctcii.com /www/portfolio moon.html
2016.11.21 18:44 B C:\Users\Jon\Desktop\portfolio\projects.html --> www.ctcii.com /www/portfolio projects.html
2016.11.21 19:42 B C:\Users\Jon\Desktop\portfolio\contact.html --> www.ctcii.com /www/portfolio contact.html
2016.11.21 19:42 B C:\Users\Jon\Desktop\portfolio\earthquakes.html --> www.ctcii.com /www/portfolio earthquakes.html
2016.11.21 19:42 B C:\Users\Jon\Desktop\portfolio\earthquakestest.html --> www.ctcii.com /www/portfolio earthquakestest.html
2016.11.21 19:42 B C:\Users\Jon\Desktop\portfolio\hurricanes.html --> www.ctcii.com /www/portfolio hurricanes.html
2016.11.21 19:42 B C:\Users\Jon\Desktop\portfolio\hurricanestest.html --> www.ctcii.com /www/portfolio hurricanestest.html
2016.11.21 19:42 B C:\Users\Jon\Desktop\portfolio\index.html --> www.ctcii.com /www/portfolio index.html
2016.11.21 19:42 B C:\Users\Jon\Desktop\portfolio\moon.html --> www.ctcii.com /www/portfolio moon.html
2016.11.21 19:42 B C:\Users\Jon\Desktop\portfolio\projects.html --> www.ctcii.com /www/portfolio projects.html
2016.11.21 19:48 B C:\Users\Jon\Desktop\portfolio\index.html --> www.ctcii.com /www/portfolio index.html
2016.11.21 19:48 B C:\Users\Jon\Desktop\portfolio\index.html --> www.ctcii.com /www/portfolio index.html
2016.11.21 19:49 B C:\Users\Jon\Desktop\portfolio\index.html --> www.ctcii.com /www/portfolio index.html
2016.11.21 19:50 B C:\Users\Jon\Desktop\portfolio\index.html --> www.ctcii.com /www/portfolio index.html
2016.11.21 19:50 B C:\Users\Jon\Desktop\portfolio\index.html --> www.ctcii.com /www/portfolio index.html
2016.11.21 19:56 B C:\Users\Jon\Desktop\portfolio\index.html --> www.ctcii.com /www/portfolio index.html
2016.11.21 19:57 B C:\Users\Jon\Desktop\portfolio\index.html --> www.ctcii.com /www/portfolio index.html
2016.11.21 19:58 B C:\Users\Jon\Desktop\portfolio\index.html --> www.ctcii.com /www/portfolio index.html
2016.11.21 19:58 B C:\Users\Jon\Desktop\portfolio\index.html --> www.ctcii.com /www/portfolio index.html
2016.11.21 19:59 B C:\Users\Jon\Desktop\portfolio\index.html --> www.ctcii.com /www/portfolio index.html
2016.11.21 20:11 B C:\Users\Jon\Desktop\portfolio\projects.html --> www.ctcii.com /www/portfolio projects.html
2016.11.21 20:11 B C:\Users\Jon\Desktop\portfolio\projects.html --> www.ctcii.com /www/portfolio projects.html
2016.11.21 20:11 B C:\Users\Jon\Desktop\portfolio\projects.html --> www.ctcii.com /www/portfolio projects.html
2016.11.21 20:12 B C:\Users\Jon\Desktop\portfolio\projects.html --> www.ctcii.com /www/portfolio projects.html
2016.11.21 20:12 B C:\Users\Jon\Desktop\portfolio\projects.html --> www.ctcii.com /www/portfolio projects.html
2016.11.21 20:13 B C:\Users\Jon\Desktop\portfolio\projects.html --> www.ctcii.com /www/portfolio projects.html
2016.11.21 21:44 B C:\Users\Jon\Desktop\portfolio\projects.html --> www.ctcii.com /www/portfolio projects.html
2016.11.21 21:45 B C:\Users\Jon\Desktop\portfolio\projects.html --> www.ctcii.com /www/portfolio projects.html
